-- Found external ninja('1.12.1').
-- Configuring x64-linux-rel
-- The C compiler identification is GNU 14.2.1
-- Detecting C compiler ABI info
-- Detecting C compiler ABI info - done
-- Check for working C compiler: /usr/bin/cc - skipped
-- Detecting C compile features
-- Detecting C compile features - done
-- The CXX compiler identification is GNU 14.2.1
-- Detecting CXX compiler ABI info
-- Detecting CXX compiler ABI info - done
-- Check for working CXX compiler: /usr/bin/c++ - skipped
-- Detecting CXX compile features
-- Detecting CXX compile features - done
-- Configuring done (0.4s)
-- Generating done (0.0s)
-- Build files have been written to: /home/paulo/Documentos/trabajos/creados/LASALLE/ingenieria-software/vcpkg/buildtrees/detect_compiler/x64-linux-rel

#COMPILER_HASH#88e65393d5911d5a7a04837e68fc5f76ea5866b2
#COMPILER_C_HASH#7d9df971487fd4f27f3bfae53b65fe25c9850ece
#COMPILER_C_VERSION#14.2.1
#COMPILER_C_ID#GNU
#COMPILER_C_PATH#/usr/bin/cc
#COMPILER_CXX_HASH#66bca6bff5a8795a6e1fd12b5a13f11e1bc9b88c
#COMPILER_CXX_VERSION#14.2.1
#COMPILER_CXX_ID#GNU
#COMPILER_CXX_PATH#/usr/bin/c++
CMake Warning:
  Manually-specified variables were not used by the project:

    BUILD_SHARED_LIBS
    CMAKE_INSTALL_BINDIR
    CMAKE_INSTALL_LIBDIR
    VCPKG_PLATFORM_TOOLSET
    VCPKG_SET_CHARSET_FLAG
    _VCPKG_ROOT_DIR



