[1/2] "/usr/bin/cmake" -E chdir ".." "/usr/bin/cmake" "/home/paulo/Documentos/trabajos/creados/LASALLE/ingenieria-software/vcpkg/buildtrees/nlohmann-json/src/v3.11.3-434e7fbc3e.clean" "-G" "Ninja" "-DCMAKE_BUILD_TYPE=Release" "-DCMAKE_INSTALL_PREFIX=/home/paulo/Documentos/trabajos/creados/LASALLE/ingenieria-software/vcpkg/packages/nlohmann-json_x64-linux" "-DFETCHCONTENT_FULLY_DISCONNECTED=ON" "-DJSON_Diagnostics=OFF" "-DJSON_Install=ON" "-DJSON_MultipleHeaders=ON" "-DJSON_BuildTests=OFF" "-DJSON_ImplicitConversions=ON" "-DCMAKE_MAKE_PROGRAM=/usr/bin/ninja" "-DCMAKE_SYSTEM_NAME=Linux" "-DBUILD_SHARED_LIBS=OFF" "-DVCPKG_CHAINLOAD_TOOLCHAIN_FILE=/home/paulo/Documentos/trabajos/creados/LASALLE/ingenieria-software/vcpkg/scripts/toolchains/linux.cmake" "-DVCPKG_TARGET_TRIPLET=x64-linux" "-DVCPKG_SET_CHARSET_FLAG=ON" "-DVCPKG_PLATFORM_TOOLSET=external" "-DCMAKE_EXPORT_NO_PACKAGE_REGISTRY=ON" "-DCMAKE_FIND_PACKAGE_NO_PACKAGE_REGISTRY=ON" "-DCMAKE_FIND_PACKAGE_NO_SYSTEM_PACKAGE_REGISTRY=ON" "-DCMAKE_INSTALL_SYSTEM_RUNTIME_LIBS_SKIP=TRUE" "-DCMAKE_VERBOSE_MAKEFILE=ON" "-DVCPKG_APPLOCAL_DEPS=OFF" "-DCMAKE_TOOLCHAIN_FILE=/home/paulo/Documentos/trabajos/creados/LASALLE/ingenieria-software/vcpkg/scripts/buildsystems/vcpkg.cmake" "-DCMAKE_ERROR_ON_ABSOLUTE_INSTALL_DESTINATION=ON" "-DVCPKG_CXX_FLAGS=" "-DVCPKG_CXX_FLAGS_RELEASE=" "-DVCPKG_CXX_FLAGS_DEBUG=" "-DVCPKG_C_FLAGS=" "-DVCPKG_C_FLAGS_RELEASE=" "-DVCPKG_C_FLAGS_DEBUG=" "-DVCPKG_CRT_LINKAGE=dynamic" "-DVCPKG_LINKER_FLAGS=" "-DVCPKG_LINKER_FLAGS_RELEASE=" "-DVCPKG_LINKER_FLAGS_DEBUG=" "-DVCPKG_TARGET_ARCHITECTURE=x64" "-DCMAKE_INSTALL_LIBDIR:STRING=lib" "-DCMAKE_INSTALL_BINDIR:STRING=bin" "-D_VCPKG_ROOT_DIR=/home/paulo/Documentos/trabajos/creados/LASALLE/ingenieria-software/vcpkg" "-D_VCPKG_INSTALLED_DIR=/home/paulo/Documentos/trabajos/creados/LASALLE/ingenieria-software/vcpkg/installed" "-DVCPKG_MANIFEST_INSTALL=OFF"
-- The CXX compiler identification is GNU 14.2.1
-- Detecting CXX compiler ABI info
-- Detecting CXX compiler ABI info - done
-- Check for working CXX compiler: /usr/bin/c++ - skipped
-- Detecting CXX compile features
-- Detecting CXX compile features - done
-- Using the multi-header code from /home/paulo/Documentos/trabajos/creados/LASALLE/ingenieria-software/vcpkg/buildtrees/nlohmann-json/src/v3.11.3-434e7fbc3e.clean/include/
-- Configuring done (0.2s)
-- Generating done (0.0s)
CMake Warning:
  Manually-specified variables were not used by the project:

    FETCHCONTENT_FULLY_DISCONNECTED
    VCPKG_PLATFORM_TOOLSET
    VCPKG_SET_CHARSET_FLAG
    _VCPKG_ROOT_DIR


-- Build files have been written to: /home/paulo/Documentos/trabajos/creados/LASALLE/ingenieria-software/vcpkg/buildtrees/nlohmann-json/x64-linux-rel
[2/2] "/usr/bin/cmake" -E chdir "../../x64-linux-dbg" "/usr/bin/cmake" "/home/paulo/Documentos/trabajos/creados/LASALLE/ingenieria-software/vcpkg/buildtrees/nlohmann-json/src/v3.11.3-434e7fbc3e.clean" "-G" "Ninja" "-DCMAKE_BUILD_TYPE=Debug" "-DCMAKE_INSTALL_PREFIX=/home/paulo/Documentos/trabajos/creados/LASALLE/ingenieria-software/vcpkg/packages/nlohmann-json_x64-linux/debug" "-DFETCHCONTENT_FULLY_DISCONNECTED=ON" "-DJSON_Diagnostics=OFF" "-DJSON_Install=ON" "-DJSON_MultipleHeaders=ON" "-DJSON_BuildTests=OFF" "-DJSON_ImplicitConversions=ON" "-DCMAKE_MAKE_PROGRAM=/usr/bin/ninja" "-DCMAKE_SYSTEM_NAME=Linux" "-DBUILD_SHARED_LIBS=OFF" "-DVCPKG_CHAINLOAD_TOOLCHAIN_FILE=/home/paulo/Documentos/trabajos/creados/LASALLE/ingenieria-software/vcpkg/scripts/toolchains/linux.cmake" "-DVCPKG_TARGET_TRIPLET=x64-linux" "-DVCPKG_SET_CHARSET_FLAG=ON" "-DVCPKG_PLATFORM_TOOLSET=external" "-DCMAKE_EXPORT_NO_PACKAGE_REGISTRY=ON" "-DCMAKE_FIND_PACKAGE_NO_PACKAGE_REGISTRY=ON" "-DCMAKE_FIND_PACKAGE_NO_SYSTEM_PACKAGE_REGISTRY=ON" "-DCMAKE_INSTALL_SYSTEM_RUNTIME_LIBS_SKIP=TRUE" "-DCMAKE_VERBOSE_MAKEFILE=ON" "-DVCPKG_APPLOCAL_DEPS=OFF" "-DCMAKE_TOOLCHAIN_FILE=/home/paulo/Documentos/trabajos/creados/LASALLE/ingenieria-software/vcpkg/scripts/buildsystems/vcpkg.cmake" "-DCMAKE_ERROR_ON_ABSOLUTE_INSTALL_DESTINATION=ON" "-DVCPKG_CXX_FLAGS=" "-DVCPKG_CXX_FLAGS_RELEASE=" "-DVCPKG_CXX_FLAGS_DEBUG=" "-DVCPKG_C_FLAGS=" "-DVCPKG_C_FLAGS_RELEASE=" "-DVCPKG_C_FLAGS_DEBUG=" "-DVCPKG_CRT_LINKAGE=dynamic" "-DVCPKG_LINKER_FLAGS=" "-DVCPKG_LINKER_FLAGS_RELEASE=" "-DVCPKG_LINKER_FLAGS_DEBUG=" "-DVCPKG_TARGET_ARCHITECTURE=x64" "-DCMAKE_INSTALL_LIBDIR:STRING=lib" "-DCMAKE_INSTALL_BINDIR:STRING=bin" "-D_VCPKG_ROOT_DIR=/home/paulo/Documentos/trabajos/creados/LASALLE/ingenieria-software/vcpkg" "-D_VCPKG_INSTALLED_DIR=/home/paulo/Documentos/trabajos/creados/LASALLE/ingenieria-software/vcpkg/installed" "-DVCPKG_MANIFEST_INSTALL=OFF"
-- The CXX compiler identification is GNU 14.2.1
-- Detecting CXX compiler ABI info
-- Detecting CXX compiler ABI info - done
-- Check for working CXX compiler: /usr/bin/c++ - skipped
-- Detecting CXX compile features
-- Detecting CXX compile features - done
-- Using the multi-header code from /home/paulo/Documentos/trabajos/creados/LASALLE/ingenieria-software/vcpkg/buildtrees/nlohmann-json/src/v3.11.3-434e7fbc3e.clean/include/
-- Configuring done (0.2s)
-- Generating done (0.0s)
CMake Warning:
  Manually-specified variables were not used by the project:

    FETCHCONTENT_FULLY_DISCONNECTED
    VCPKG_PLATFORM_TOOLSET
    VCPKG_SET_CHARSET_FLAG
    _VCPKG_ROOT_DIR


-- Build files have been written to: /home/paulo/Documentos/trabajos/creados/LASALLE/ingenieria-software/vcpkg/buildtrees/nlohmann-json/x64-linux-dbg
